<?xml version="1.0" encoding="UTF-8"?>
<!-- Generated by org.testng.reporters.JUnitReportReporter -->
<testsuite hostname="Kanhaiya" name="com.abof.testscripts.TestAppium" tests="1" failures="0" timestamp="25 May 2019 11:57:55 GMT" time="21.174" errors="0">
  <testcase name="testAppium" time="21.174" classname="com.abof.testscripts.TestAppium"/>
</testsuite> <!-- com.abof.testscripts.TestAppium -->
